# Logfile created on 2014-01-07 09:09:51 +0800 by logger.rb/31641
I, [2014-01-07T09:09:51.505253 #3670]  INFO -- : 0:  rake (10.0.1) from /usr/local/rvm/gems/ruby-1.9.3-p484/specifications/rake-10.0.1.gemspec
I, [2014-01-07T09:09:55.185852 #3670]  INFO -- : 0:  i18n (0.6.1) from /usr/local/rvm/gems/ruby-1.9.3-p484/specifications/i18n-0.6.1.gemspec
I, [2014-01-07T09:09:58.781349 #3670]  INFO -- : 0:  multi_json (1.3.7) from /usr/local/rvm/gems/ruby-1.9.3-p484/specifications/multi_json-1.3.7.gemspec
I, [2014-01-07T09:10:09.165281 #3670]  INFO -- : 0:  activesupport (3.2.8) from /usr/local/rvm/gems/ruby-1.9.3-p484/specifications/activesupport-3.2.8.gemspec
I, [2014-01-07T09:10:12.791257 #3670]  INFO -- : 0:  builder (3.0.4) from /usr/local/rvm/gems/ruby-1.9.3-p484/specifications/builder-3.0.4.gemspec
I, [2014-01-07T09:10:16.460220 #3670]  INFO -- : 0:  activemodel (3.2.8) from /usr/local/rvm/gems/ruby-1.9.3-p484/specifications/activemodel-3.2.8.gemspec
I, [2014-01-07T09:10:16.461504 #3670]  INFO -- : 0:  erubis (2.7.0) from /usr/local/rvm/gems/ruby-1.9.3-p484/specifications/erubis-2.7.0.gemspec
I, [2014-01-07T09:10:19.886570 #3670]  INFO -- : 0:  journey (1.0.4) from /usr/local/rvm/gems/ruby-1.9.3-p484/specifications/journey-1.0.4.gemspec
I, [2014-01-07T09:10:24.508836 #3670]  INFO -- : 0:  rack (1.4.1) from /usr/local/rvm/gems/ruby-1.9.3-p484/specifications/rack-1.4.1.gemspec
I, [2014-01-07T09:10:36.403279 #3670]  INFO -- : 0:  rack-cache (1.2) from /usr/local/rvm/gems/ruby-1.9.3-p484/specifications/rack-cache-1.2.gemspec
I, [2014-01-07T09:10:36.404504 #3670]  INFO -- : 0:  rack-test (0.6.2) from /usr/local/rvm/gems/ruby-1.9.3-p484/specifications/rack-test-0.6.2.gemspec
I, [2014-01-07T09:10:39.237313 #3670]  INFO -- : 0:  hike (1.2.1) from /usr/local/rvm/gems/ruby-1.9.3-p484/specifications/hike-1.2.1.gemspec
I, [2014-01-07T09:10:42.790107 #3670]  INFO -- : 0:  tilt (1.3.3) from /usr/local/rvm/gems/ruby-1.9.3-p484/specifications/tilt-1.3.3.gemspec
I, [2014-01-07T09:10:46.784099 #3670]  INFO -- : 0:  sprockets (2.1.3) from /usr/local/rvm/gems/ruby-1.9.3-p484/specifications/sprockets-2.1.3.gemspec
I, [2014-01-07T09:10:53.713148 #3670]  INFO -- : 0:  actionpack (3.2.8) from /usr/local/rvm/gems/ruby-1.9.3-p484/specifications/actionpack-3.2.8.gemspec
I, [2014-01-07T09:10:57.514353 #3670]  INFO -- : 0:  mime-types (1.19) from /usr/local/rvm/gems/ruby-1.9.3-p484/specifications/mime-types-1.19.gemspec
I, [2014-01-07T09:10:57.515433 #3670]  INFO -- : 0:  polyglot (0.3.3) from /usr/local/rvm/gems/ruby-1.9.3-p484/specifications/polyglot-0.3.3.gemspec
I, [2014-01-07T09:11:01.977198 #3670]  INFO -- : 0:  treetop (1.4.12) from /usr/local/rvm/gems/ruby-1.9.3-p484/specifications/treetop-1.4.12.gemspec
I, [2014-01-07T09:11:06.012234 #3670]  INFO -- : 0:  mail (2.4.4) from /usr/local/rvm/gems/ruby-1.9.3-p484/specifications/mail-2.4.4.gemspec
I, [2014-01-07T09:11:09.439457 #3670]  INFO -- : 0:  actionmailer (3.2.8) from /usr/local/rvm/gems/ruby-1.9.3-p484/specifications/actionmailer-3.2.8.gemspec
I, [2014-01-07T09:11:13.017240 #3670]  INFO -- : 0:  arel (3.0.2) from /usr/local/rvm/gems/ruby-1.9.3-p484/specifications/arel-3.0.2.gemspec
I, [2014-01-07T09:11:20.146946 #3670]  INFO -- : 0:  tzinfo (0.3.35) from /usr/local/rvm/gems/ruby-1.9.3-p484/specifications/tzinfo-0.3.35.gemspec
I, [2014-01-07T09:11:25.476773 #3670]  INFO -- : 0:  activerecord (3.2.8) from /usr/local/rvm/gems/ruby-1.9.3-p484/specifications/activerecord-3.2.8.gemspec
I, [2014-01-07T09:11:28.561113 #3670]  INFO -- : 0:  activeresource (3.2.8) from /usr/local/rvm/gems/ruby-1.9.3-p484/specifications/activeresource-3.2.8.gemspec
I, [2014-01-07T09:11:30.970936 #3670]  INFO -- : 0:  rack-ssl (1.3.2) from /usr/local/rvm/gems/ruby-1.9.3-p484/specifications/rack-ssl-1.3.2.gemspec
I, [2014-01-07T09:11:38.460454 #3670]  INFO -- : 0:  json (1.7.5) from /usr/local/rvm/gems/ruby-1.9.3-p484/specifications/json-1.7.5.gemspec
I, [2014-01-07T09:11:44.156159 #3670]  INFO -- : 0:  rdoc (3.12) from /usr/local/rvm/gems/ruby-1.9.3-p484/specifications/rdoc-3.12.gemspec
I, [2014-01-07T09:11:48.141618 #3670]  INFO -- : 0:  thor (0.16.0) from /usr/local/rvm/gems/ruby-1.9.3-p484/specifications/thor-0.16.0.gemspec
I, [2014-01-07T09:11:57.431779 #3670]  INFO -- : 0:  railties (3.2.8) from /usr/local/rvm/gems/ruby-1.9.3-p484/specifications/railties-3.2.8.gemspec
I, [2014-01-07T09:12:00.549985 #3670]  INFO -- : 0:  bootstrap-datepicker-rails (0.6.32) from /usr/local/rvm/gems/ruby-1.9.3-p484/specifications/bootstrap-datepicker-rails-0.6.32.gemspec
I, [2014-01-07T09:12:04.234344 #3670]  INFO -- : 0:  coffee-script-source (1.4.0) from /usr/local/rvm/gems/ruby-1.9.3-p484/specifications/coffee-script-source-1.4.0.gemspec
I, [2014-01-07T09:12:07.470074 #3670]  INFO -- : 0:  execjs (1.4.0) from /usr/local/rvm/gems/ruby-1.9.3-p484/specifications/execjs-1.4.0.gemspec
I, [2014-01-07T09:12:07.471207 #3670]  INFO -- : 0:  coffee-script (2.2.0) from /usr/local/rvm/gems/ruby-1.9.3-p484/specifications/coffee-script-2.2.0.gemspec
I, [2014-01-07T09:12:10.305533 #3670]  INFO -- : 0:  coffee-rails (3.2.2) from /usr/local/rvm/gems/ruby-1.9.3-p484/specifications/coffee-rails-3.2.2.gemspec
I, [2014-01-07T09:12:12.998125 #3670]  INFO -- : 0:  ipcalc (1.0.0) from /usr/local/rvm/gems/ruby-1.9.3-p484/specifications/ipcalc-1.0.0.gemspec
I, [2014-01-07T09:12:17.891554 #3670]  INFO -- : 0:  jquery-rails (2.1.3) from /usr/local/rvm/gems/ruby-1.9.3-p484/specifications/jquery-rails-2.1.3.gemspec
I, [2014-01-07T09:12:24.773890 #3670]  INFO -- : 0:  mysql2 (0.3.11) from /usr/local/rvm/gems/ruby-1.9.3-p484/specifications/mysql2-0.3.11.gemspec
I, [2014-01-07T09:12:24.775757 #3670]  INFO -- : 0:  bundler (1.5.0) from /usr/local/rvm/gems/ruby-1.9.3-p484/specifications/bundler-1.5.0.gemspec
I, [2014-01-07T09:12:27.890967 #3670]  INFO -- : 0:  rails (3.2.8) from /usr/local/rvm/gems/ruby-1.9.3-p484/specifications/rails-3.2.8.gemspec
I, [2014-01-07T09:12:34.431861 #3670]  INFO -- : 0:  sass (3.2.3) from /usr/local/rvm/gems/ruby-1.9.3-p484/specifications/sass-3.2.3.gemspec
I, [2014-01-07T09:12:37.948811 #3670]  INFO -- : 0:  sass-rails (3.2.5) from /usr/local/rvm/gems/ruby-1.9.3-p484/specifications/sass-rails-3.2.5.gemspec
I, [2014-01-07T09:12:41.700418 #3670]  INFO -- : 0:  uglifier (1.3.0) from /usr/local/rvm/gems/ruby-1.9.3-p484/specifications/uglifier-1.3.0.gemspec
I, [2014-01-07T09:12:46.084290 #3670]  INFO -- : 0:  will_paginate (3.0.3) from /usr/local/rvm/gems/ruby-1.9.3-p484/specifications/will_paginate-3.0.3.gemspec
